#
# A fatal error has been detected by the Java Runtime Environment:
#
#  EXCEPTION_ACCESS_VIOLATION (0xc0000005) at pc=0x00007ffcb54b7bfb, pid=2448, tid=13852
#
# JRE version: Java(TM) SE Runtime Environment (13.0.2+8) (build 13.0.2+8)
# Java VM: Java HotSpot(TM) 64-Bit Server VM (13.0.2+8, mixed mode, sharing, tiered, compressed oops, g1 gc, windows-amd64)
# Problematic frame:
# V  [jvm.dll+0x6a7bfb]
#
# No core dump will be written. Minidumps are not enabled by default on client versions of Windows
#
# If you would like to submit a bug report, please visit:
#   http://bugreport.java.com/bugreport/crash.jsp
#

---------------  S U M M A R Y ------------

Command Line: -agentlib:jdwp=transport=dt_socket,suspend=y,address=localhost:52697 -ea -javaagent:C:\Users\USER\eclipse\java-2019-12\eclipse\configuration\org.eclipse.osgi\226\0\.cp\lib\javaagent-shaded.jar -Dfile.encoding=Cp1255 org.eclipse.jdt.internal.junit.runner.RemoteTestRunner -version 3 -port 52696 -testLoaderClass org.eclipse.jdt.internal.junit4.runner.JUnit4TestLoader -loaderpluginname org.eclipse.jdt.junit4.runtime -test unittests.BoundingBoxTest:boomBoomBoom

Host: Intel(R) Core(TM) i5-6200U CPU @ 2.30GHz, 4 cores, 7G,  Windows 10 , 64 bit Build 18362 (10.0.18362.900)
Time: Mon Jun 15 20:45:24 2020 ???? ÷?? ??????? elapsed time: 8380 seconds (0d 2h 19m 40s)

---------------  T H R E A D  ---------------

Current thread (0x000001c77868f000):  JavaThread "JDWP Transport Listener: dt_socket" daemon [_thread_in_vm, id=13852, stack(0x000000138c300000,0x000000138c400000)] _threads_hazard_ptr=0x000001c77a488e90

Stack: [0x000000138c300000,0x000000138c400000],  sp=0x000000138c3fe380,  free space=1016k
Native frames: (J=compiled Java code, j=interpreted, Vv=VM code, C=native code)
V  [jvm.dll+0x6a7bfb]
V  [jvm.dll+0x32fd73]
V  [jvm.dll+0x331a65]
V  [jvm.dll+0x33235e]
V  [jvm.dll+0x32fbcc]
V  [jvm.dll+0x32ee02]
V  [jvm.dll+0x6141e5]
V  [jvm.dll+0x613f6d]
V  [jvm.dll+0x5ddb03]
V  [jvm.dll+0x76840f]
V  [jvm.dll+0x4f6476]
V  [jvm.dll+0x7776dd]
V  [jvm.dll+0x4dc54e]
V  [jvm.dll+0x4a0d60]
C  [jdwp.dll+0x751f]


siginfo: EXCEPTION_ACCESS_VIOLATION (0xc0000005), reading address 0x00000000000004df


Register to memory mapping:

RIP=0x00007ffcb54b7bfb jvm.dll
RAX=0x000000138c3fe410 is pointing into the stack for thread: 0x000001c77868f000
RBX=0x000000138c3fe3e0 is pointing into the stack for thread: 0x000001c77868f000
RCX=0x0 is NULL
RDX=0x00000000000004d9 is an unknown value
RSP=0x000000138c3fe380 is pointing into the stack for thread: 0x000001c77868f000
RBP=0x000000138c3fe920 is pointing into the stack for thread: 0x000001c77868f000
RSI=0x0 is NULL
RDI=0x00000000000004d9 is an unknown value
R8 =0x0 is NULL
R9 =0x000001c7780e68e8 is pointing into metadata
R10=0x00007ffcb4e10000 jvm.dll
R11=0x000000138c3fe840 is pointing into the stack for thread: 0x000001c77868f000
R12=0x000001c778691a70 points into unknown readable memory: 00 61 2f 75 eb 02 00 00
R13=0x0000000000000140 is an unknown value
R14=0x000001c7780e81ad is pointing into metadata
R15=0x000000000000038d is an unknown value


Registers:
RAX=0x000000138c3fe410, RBX=0x000000138c3fe3e0, RCX=0x0000000000000000, RDX=0x00000000000004d9
RSP=0x000000138c3fe380, RBP=0x000000138c3fe920, RSI=0x0000000000000000, RDI=0x00000000000004d9
R8 =0x0000000000000000, R9 =0x000001c7780e68e8, R10=0x00007ffcb4e10000, R11=0x000000138c3fe840
R12=0x000001c778691a70, R13=0x0000000000000140, R14=0x000001c7780e81ad, R15=0x000000000000038d
RIP=0x00007ffcb54b7bfb, EFLAGS=0x0000000000010246

Top of Stack: (sp=0x000000138c3fe380)
0x000000138c3fe380:   000000138c3fe3e0 000001c7781a8720
0x000000138c3fe390:   00000000ffffffff 00007ffcb4fddc78
0x000000138c3fe3a0:   0000000000000000 00007ffcb513fd73
0x000000138c3fe3b0:   0000000000000000 000000138c3fea90
0x000000138c3fe3c0:   000001c778870c20 000001c700000000
0x000000138c3fe3d0:   0000000000000000 000001c700000000
0x000000138c3fe3e0:   00007ffcb568ffa0 00000000000004d9
0x000000138c3fe3f0:   0000000000000000 000001c70000000c
0x000000138c3fe400:   000000138c3fe410 000001c700000000
0x000000138c3fe410:   0000000046000379 00007ffc00000000
0x000000138c3fe420:   2fffffff4fffffff 2fffffff4fffffff
0x000000138c3fe430:   2fffffff2fffffff 2fffffff2fffffff
0x000000138c3fe440:   000001c72fffffff 00007ffcd34bc43f
0x000000138c3fe450:   00000000001e001c 00000000000000d0
0x000000138c3fe460:   000001c7788f0330 00007ffcb54b815b
0x000000138c3fe470:   000001c778686630 00007ffcb53e047d 

Instructions: (pc=0x00007ffcb54b7bfb)
0x00007ffcb54b7afb:   48 8b cb ff 50 30 ff 43 14 48 c1 ef 04 eb 86 48
0x00007ffcb54b7b0b:   8b 03 45 33 c0 33 d2 48 8b cb ff 50 48 ff 43 14
0x00007ffcb54b7b1b:   48 c1 ef 04 e9 6c ff ff ff 48 8b 03 48 8b cb ff
0x00007ffcb54b7b2b:   50 38 83 43 14 02 48 c1 ef 04 e9 56 ff ff ff 48
0x00007ffcb54b7b3b:   8b 03 48 8b cb ff 50 10 ff 43 14 48 c1 ef 04 e9
0x00007ffcb54b7b4b:   41 ff ff ff 48 8b 03 48 8b cb ff 50 18 83 43 14
0x00007ffcb54b7b5b:   02 48 c1 ef 04 e9 2b ff ff ff 48 8b 0d 24 ac 3e
0x00007ffcb54b7b6b:   00 48 8d 15 dd 8a 22 00 e8 68 f4 f7 ff 48 8b 0d
0x00007ffcb54b7b7b:   11 ac 3e 00 48 8d 15 e2 8a 22 00 4c 8b c6 e8 52
0x00007ffcb54b7b8b:   f4 f7 ff ba c2 00 00 00 48 8d 0d 56 8a 22 00 e8
0x00007ffcb54b7b9b:   31 42 ba ff e8 4c cf f7 ff 48 c1 ef 04 e9 e3 fe
0x00007ffcb54b7bab:   ff ff 0f 1f 00 b1 7a 6a 00 c2 7a 6a 00 d4 7a 6a
0x00007ffcb54b7bbb:   00 e6 7a 6a 00 f8 7a 6a 00 24 7b 6a 00 3a 7b 6a
0x00007ffcb54b7bcb:   00 4f 7b 6a 00 0a 7b 6a 00 68 7a 6a 00 cc cc cc
0x00007ffcb54b7bdb:   cc cc cc cc cc 40 53 48 83 ec 20 c7 41 10 00 00
0x00007ffcb54b7beb:   00 00 48 8b d9 48 89 7c 24 38 48 8b 79 08 33 c9
0x00007ffcb54b7bfb:   80 7f 06 28 74 26 44 8d 49 28 8d 51 36 48 8d 0d
0x00007ffcb54b7c0b:   e1 89 22 00 4c 8d 05 ca 89 22 00 e8 35 40 ba ff
0x00007ffcb54b7c1b:   e8 d0 ce f7 ff 8b 4b 10 48 8b 7b 08 8d 41 01 48
0x00007ffcb54b7c2b:   63 c9 89 43 10 80 7c 39 07 29 0f 84 d3 00 00 00
0x00007ffcb54b7c3b:   48 89 74 24 30 44 8b c0 48 8d 35 b6 83 95 ff 66
0x00007ffcb54b7c4b:   0f 1f 44 00 00 49 63 c8 0f be 54 39 06 83 c2 be
0x00007ffcb54b7c5b:   83 fa 19 77 7b 48 63 ca 0f b6 8c 0e bc 7d 6a 00
0x00007ffcb54b7c6b:   8b 94 8e ac 7d 6a 00 48 03 d6 ff e2 41 8d 40 01
0x00007ffcb54b7c7b:   89 43 10 eb 74 48 63 c8 ff c0 89 43 10 44 8b c0
0x00007ffcb54b7c8b:   80 7c 39 06 3b 75 ee eb 63 0f 1f 40 00 0f 1f 84
0x00007ffcb54b7c9b:   00 00 00 00 00 ff c0 48 63 c8 89 43 10 0f b6 54
0x00007ffcb54b7cab:   39 06 80 fa 5b 74 ee 80 fa 4c 75 1d 66 0f 1f 84
0x00007ffcb54b7cbb:   00 00 00 00 00 48 63 c8 ff c0 89 43 10 44 8b c0
0x00007ffcb54b7ccb:   80 7c 39 06 3b 75 ee eb 23 ff c0 89 43 10 eb 19
0x00007ffcb54b7cdb:   ba f1 00 00 00 48 8d 0d 09 89 22 00 e8 e4 40 ba
0x00007ffcb54b7ceb:   ff e8 ff cd f7 ff 8b 43 10 44 8b c0 49 63 c8 80 


Stack slot to memory mapping:
stack at sp + 0 slots: 0x000000138c3fe3e0 is pointing into the stack for thread: 0x000001c77868f000
stack at sp + 1 slots: {method} {0x000001c7781a8728} 'closestGeometry' '(Lgeometries/Intersectable;Ljava/util/List;)Lgeometries/Intersectable;' in 'scene/Scene'
stack at sp + 2 slots: 
[error occurred during error reporting (inspecting top of stack), id 0xc0000005, EXCEPTION_ACCESS_VIOLATION (0xc0000005) at pc=0x00007ffcb50f69bf]


---------------  P R O C E S S  ---------------

Threads class SMR info:
_java_thread_list=0x000001c77a488e90, length=14, elements={
0x000001c759780800, 0x000001c777c1d800, 0x000001c777c1f000, 0x000001c777c3e800,
0x000001c777c3f800, 0x000001c777c41000, 0x000001c778590800, 0x000001c777c7e000,
0x000001c777c01000, 0x000001c77868f000, 0x000001c77868f800, 0x000001c7786ff000,
0x000001c778871000, 0x000001c7787fc000
}

Java Threads: ( => current thread )
  0x000001c759780800 JavaThread "main" [_thread_blocked, id=17840, stack(0x000000138b400000,0x000000138b500000)]
  0x000001c777c1d800 JavaThread "Reference Handler" daemon [_thread_blocked, id=14560, stack(0x000000138bb00000,0x000000138bc00000)]
  0x000001c777c1f000 JavaThread "Finalizer" daemon [_thread_blocked, id=14916, stack(0x000000138bc00000,0x000000138bd00000)]
  0x000001c777c3e800 JavaThread "Signal Dispatcher" daemon [_thread_blocked, id=7788, stack(0x000000138bd00000,0x000000138be00000)]
  0x000001c777c3f800 JavaThread "Attach Listener" daemon [_thread_blocked, id=17448, stack(0x000000138be00000,0x000000138bf00000)]
  0x000001c777c41000 JavaThread "C2 CompilerThread0" daemon [_thread_blocked, id=17300, stack(0x000000138bf00000,0x000000138c000000)]
  0x000001c778590800 JavaThread "C1 CompilerThread0" daemon [_thread_blocked, id=10768, stack(0x000000138c000000,0x000000138c100000)]
  0x000001c777c7e000 JavaThread "Sweeper thread" daemon [_thread_blocked, id=19396, stack(0x000000138c100000,0x000000138c200000)]
  0x000001c777c01000 JavaThread "Common-Cleaner" daemon [_thread_blocked, id=16556, stack(0x000000138c200000,0x000000138c300000)]
=>0x000001c77868f000 JavaThread "JDWP Transport Listener: dt_socket" daemon [_thread_in_vm, id=13852, stack(0x000000138c300000,0x000000138c400000)]
  0x000001c77868f800 JavaThread "JDWP Event Helper Thread" daemon [_thread_blocked, id=17512, stack(0x000000138c400000,0x000000138c500000)]
  0x000001c7786ff000 JavaThread "JDWP Command Reader" daemon [_thread_in_native, id=8560, stack(0x000000138c500000,0x000000138c600000)]
  0x000001c778871000 JavaThread "Service Thread" daemon [_thread_blocked, id=5840, stack(0x000000138c700000,0x000000138c800000)]
  0x000001c7787fc000 JavaThread "ReaderThread" [_thread_in_native, id=13888, stack(0x000000138c600000,0x000000138c700000)]

Other Threads:
  0x000001c777c17800 VMThread "VM Thread" [stack: 0x000000138ba00000,0x000000138bb00000] [id=15692]
  0x000001c77884e000 WatcherThread [stack: 0x000000138c800000,0x000000138c900000] [id=10056]
  0x000001c7597c3800 GCTaskThread "GC Thread#0" [stack: 0x000000138b500000,0x000000138b600000] [id=17604]
  0x000001c7793f8800 GCTaskThread "GC Thread#1" [stack: 0x000000138ca00000,0x000000138cb00000] [id=18164]
  0x000001c7793f9000 GCTaskThread "GC Thread#2" [stack: 0x000000138cb00000,0x000000138cc00000] [id=18496]
  0x000001c7793fa000 GCTaskThread "GC Thread#3" [stack: 0x000000138cc00000,0x000000138cd00000] [id=19320]
  0x000001c7597d5000 ConcurrentGCThread "G1 Main Marker" [stack: 0x000000138b600000,0x000000138b700000] [id=18900]
  0x000001c7597d8800 ConcurrentGCThread "G1 Conc#0" [stack: 0x000000138b700000,0x000000138b800000] [id=15016]
  0x000001c777a96800 ConcurrentGCThread "G1 Refine#0" [stack: 0x000000138b800000,0x000000138b900000] [id=15172]
  0x000001c777a99000 ConcurrentGCThread "G1 Young RemSet Sampling" [stack: 0x000000138b900000,0x000000138ba00000] [id=13428]

Threads with active compile tasks:

VM state:not at safepoint (normal execution)

VM Mutex/Monitor currently owned by a thread: None

Heap address: 0x0000000082200000, size: 2014 MB, Compressed Oops mode: 32-bit
Narrow klass base: 0x0000000800000000, Narrow klass shift: 3
Compressed class space size: 1073741824 Address: 0x0000000800b40000

Heap:
 garbage-first heap   total 129024K, used 6039K [0x0000000082200000, 0x0000000100000000)
  region size 1024K, 7 young (7168K), 2 survivors (2048K)
 Metaspace       used 5176K, capacity 6040K, committed 6272K, reserved 1056768K
  class space    used 530K, capacity 628K, committed 640K, reserved 1048576K
Heap Regions: E=young(eden), S=young(survivor), O=old, HS=humongous(starts), HC=humongous(continues), CS=collection set, F=free, A=archive, TAMS=top-at-mark-start (previous, next)
|   0|0x0000000082200000, 0x0000000082200000, 0x0000000082300000|  0%| F|  |TAMS 0x0000000082200000, 0x0000000082200000| Untracked 
|   1|0x0000000082300000, 0x0000000082300000, 0x0000000082400000|  0%| F|  |TAMS 0x0000000082300000, 0x0000000082300000| Untracked 
|   2|0x0000000082400000, 0x0000000082400000, 0x0000000082500000|  0%| F|  |TAMS 0x0000000082400000, 0x0000000082400000| Untracked 
|   3|0x0000000082500000, 0x0000000082500000, 0x0000000082600000|  0%| F|  |TAMS 0x0000000082500000, 0x0000000082500000| Untracked 
|   4|0x0000000082600000, 0x0000000082600000, 0x0000000082700000|  0%| F|  |TAMS 0x0000000082600000, 0x0000000082600000| Untracked 
|   5|0x0000000082700000, 0x0000000082700000, 0x0000000082800000|  0%| F|  |TAMS 0x0000000082700000, 0x0000000082700000| Untracked 
|   6|0x0000000082800000, 0x0000000082800000, 0x0000000082900000|  0%| F|  |TAMS 0x0000000082800000, 0x0000000082800000| Untracked 
|   7|0x0000000082900000, 0x0000000082900000, 0x0000000082a00000|  0%| F|  |TAMS 0x0000000082900000, 0x0000000082900000| Untracked 
|   8|0x0000000082a00000, 0x0000000082a00000, 0x0000000082b00000|  0%| F|  |TAMS 0x0000000082a00000, 0x0000000082a00000| Untracked 
|   9|0x0000000082b00000, 0x0000000082b00000, 0x0000000082c00000|  0%| F|  |TAMS 0x0000000082b00000, 0x0000000082b00000| Untracked 
|  10|0x0000000082c00000, 0x0000000082c00000, 0x0000000082d00000|  0%| F|  |TAMS 0x0000000082c00000, 0x0000000082c00000| Untracked 
|  11|0x0000000082d00000, 0x0000000082d00000, 0x0000000082e00000|  0%| F|  |TAMS 0x0000000082d00000, 0x0000000082d00000| Untracked 
|  12|0x0000000082e00000, 0x0000000082e00000, 0x0000000082f00000|  0%| F|  |TAMS 0x0000000082e00000, 0x0000000082e00000| Untracked 
|  13|0x0000000082f00000, 0x0000000082f00000, 0x0000000083000000|  0%| F|  |TAMS 0x0000000082f00000, 0x0000000082f00000| Untracked 
|  14|0x0000000083000000, 0x0000000083000000, 0x0000000083100000|  0%| F|  |TAMS 0x0000000083000000, 0x0000000083000000| Untracked 
|  15|0x0000000083100000, 0x0000000083100000, 0x0000000083200000|  0%| F|  |TAMS 0x0000000083100000, 0x0000000083100000| Untracked 
|  16|0x0000000083200000, 0x0000000083200000, 0x0000000083300000|  0%| F|  |TAMS 0x0000000083200000, 0x0000000083200000| Untracked 
|  17|0x0000000083300000, 0x0000000083300000, 0x0000000083400000|  0%| F|  |TAMS 0x0000000083300000, 0x0000000083300000| Untracked 
|  18|0x0000000083400000, 0x0000000083400000, 0x0000000083500000|  0%| F|  |TAMS 0x0000000083400000, 0x0000000083400000| Untracked 
|  19|0x0000000083500000, 0x0000000083500000, 0x0000000083600000|  0%| F|  |TAMS 0x0000000083500000, 0x0000000083500000| Untracked 
|  20|0x0000000083600000, 0x0000000083600000, 0x0000000083700000|  0%| F|  |TAMS 0x0000000083600000, 0x0000000083600000| Untracked 
|  21|0x0000000083700000, 0x0000000083700000, 0x0000000083800000|  0%| F|  |TAMS 0x0000000083700000, 0x0000000083700000| Untracked 
|  22|0x0000000083800000, 0x0000000083800000, 0x0000000083900000|  0%| F|  |TAMS 0x0000000083800000, 0x0000000083800000| Untracked 
|  23|0x0000000083900000, 0x0000000083900000, 0x0000000083a00000|  0%| F|  |TAMS 0x0000000083900000, 0x0000000083900000| Untracked 
|  24|0x0000000083a00000, 0x0000000083a00000, 0x0000000083b00000|  0%| F|  |TAMS 0x0000000083a00000, 0x0000000083a00000| Untracked 
|  25|0x0000000083b00000, 0x0000000083b00000, 0x0000000083c00000|  0%| F|  |TAMS 0x0000000083b00000, 0x0000000083b00000| Untracked 
|  26|0x0000000083c00000, 0x0000000083c00000, 0x0000000083d00000|  0%| F|  |TAMS 0x0000000083c00000, 0x0000000083c00000| Untracked 
|  27|0x0000000083d00000, 0x0000000083d00000, 0x0000000083e00000|  0%| F|  |TAMS 0x0000000083d00000, 0x0000000083d00000| Untracked 
|  28|0x0000000083e00000, 0x0000000083e00000, 0x0000000083f00000|  0%| F|  |TAMS 0x0000000083e00000, 0x0000000083e00000| Untracked 
|  29|0x0000000083f00000, 0x0000000083f00000, 0x0000000084000000|  0%| F|  |TAMS 0x0000000083f00000, 0x0000000083f00000| Untracked 
|  30|0x0000000084000000, 0x0000000084000000, 0x0000000084100000|  0%| F|  |TAMS 0x0000000084000000, 0x0000000084000000| Untracked 
|  31|0x0000000084100000, 0x0000000084100000, 0x0000000084200000|  0%| F|  |TAMS 0x0000000084100000, 0x0000000084100000| Untracked 
|  32|0x0000000084200000, 0x0000000084200000, 0x0000000084300000|  0%| F|  |TAMS 0x0000000084200000, 0x0000000084200000| Untracked 
|  33|0x0000000084300000, 0x0000000084300000, 0x0000000084400000|  0%| F|  |TAMS 0x0000000084300000, 0x0000000084300000| Untracked 
|  34|0x0000000084400000, 0x0000000084400000, 0x0000000084500000|  0%| F|  |TAMS 0x0000000084400000, 0x0000000084400000| Untracked 
|  35|0x0000000084500000, 0x0000000084500000, 0x0000000084600000|  0%| F|  |TAMS 0x0000000084500000, 0x0000000084500000| Untracked 
|  36|0x0000000084600000, 0x0000000084600000, 0x0000000084700000|  0%| F|  |TAMS 0x0000000084600000, 0x0000000084600000| Untracked 
|  37|0x0000000084700000, 0x0000000084700000, 0x0000000084800000|  0%| F|  |TAMS 0x0000000084700000, 0x0000000084700000| Untracked 
|  38|0x0000000084800000, 0x0000000084800000, 0x0000000084900000|  0%| F|  |TAMS 0x0000000084800000, 0x0000000084800000| Untracked 
|  39|0x0000000084900000, 0x0000000084900000, 0x0000000084a00000|  0%| F|  |TAMS 0x0000000084900000, 0x0000000084900000| Untracked 
|  40|0x0000000084a00000, 0x0000000084a00000, 0x0000000084b00000|  0%| F|  |TAMS 0x0000000084a00000, 0x0000000084a00000| Untracked 
|  41|0x0000000084b00000, 0x0000000084b00000, 0x0000000084c00000|  0%| F|  |TAMS 0x0000000084b00000, 0x0000000084b00000| Untracked 
|  42|0x0000000084c00000, 0x0000000084c00000, 0x0000000084d00000|  0%| F|  |TAMS 0x0000000084c00000, 0x0000000084c00000| Untracked 
|  43|0x0000000084d00000, 0x0000000084d00000, 0x0000000084e00000|  0%| F|  |TAMS 0x0000000084d00000, 0x0000000084d00000| Untracked 
|  44|0x0000000084e00000, 0x0000000084e00000, 0x0000000084f00000|  0%| F|  |TAMS 0x0000000084e00000, 0x0000000084e00000| Untracked 
|  45|0x0000000084f00000, 0x0000000084f00000, 0x0000000085000000|  0%| F|  |TAMS 0x0000000084f00000, 0x0000000084f00000| Untracked 
|  46|0x0000000085000000, 0x0000000085000000, 0x0000000085100000|  0%| F|  |TAMS 0x0000000085000000, 0x0000000085000000| Untracked 
|  47|0x0000000085100000, 0x0000000085100000, 0x0000000085200000|  0%| F|  |TAMS 0x0000000085100000, 0x0000000085100000| Untracked 
|  48|0x0000000085200000, 0x0000000085200000, 0x0000000085300000|  0%| F|  |TAMS 0x0000000085200000, 0x0000000085200000| Untracked 
|  49|0x0000000085300000, 0x0000000085300000, 0x0000000085400000|  0%| F|  |TAMS 0x0000000085300000, 0x0000000085300000| Untracked 
|  50|0x0000000085400000, 0x0000000085400000, 0x0000000085500000|  0%| F|  |TAMS 0x0000000085400000, 0x0000000085400000| Untracked 
|  51|0x0000000085500000, 0x0000000085500000, 0x0000000085600000|  0%| F|  |TAMS 0x0000000085500000, 0x0000000085500000| Untracked 
|  52|0x0000000085600000, 0x0000000085600000, 0x0000000085700000|  0%| F|  |TAMS 0x0000000085600000, 0x0000000085600000| Untracked 
|  53|0x0000000085700000, 0x0000000085700000, 0x0000000085800000|  0%| F|  |TAMS 0x0000000085700000, 0x0000000085700000| Untracked 
|  54|0x0000000085800000, 0x0000000085800000, 0x0000000085900000|  0%| F|  |TAMS 0x0000000085800000, 0x0000000085800000| Untracked 
|  55|0x0000000085900000, 0x0000000085900000, 0x0000000085a00000|  0%| F|  |TAMS 0x0000000085900000, 0x0000000085900000| Untracked 
|  56|0x0000000085a00000, 0x0000000085a00000, 0x0000000085b00000|  0%| F|  |TAMS 0x0000000085a00000, 0x0000000085a00000| Untracked 
|  57|0x0000000085b00000, 0x0000000085b00000, 0x0000000085c00000|  0%| F|  |TAMS 0x0000000085b00000, 0x0000000085b00000| Untracked 
|  58|0x0000000085c00000, 0x0000000085c00000, 0x0000000085d00000|  0%| F|  |TAMS 0x0000000085c00000, 0x0000000085c00000| Untracked 
|  59|0x0000000085d00000, 0x0000000085d00000, 0x0000000085e00000|  0%| F|  |TAMS 0x0000000085d00000, 0x0000000085d00000| Untracked 
|  60|0x0000000085e00000, 0x0000000085e00000, 0x0000000085f00000|  0%| F|  |TAMS 0x0000000085e00000, 0x0000000085e00000| Untracked 
|  61|0x0000000085f00000, 0x0000000085f00000, 0x0000000086000000|  0%| F|  |TAMS 0x0000000085f00000, 0x0000000085f00000| Untracked 
|  62|0x0000000086000000, 0x0000000086000000, 0x0000000086100000|  0%| F|  |TAMS 0x0000000086000000, 0x0000000086000000| Untracked 
|  63|0x0000000086100000, 0x0000000086100000, 0x0000000086200000|  0%| F|  |TAMS 0x0000000086100000, 0x0000000086100000| Untracked 
|  64|0x0000000086200000, 0x0000000086200000, 0x0000000086300000|  0%| F|  |TAMS 0x0000000086200000, 0x0000000086200000| Untracked 
|  65|0x0000000086300000, 0x0000000086300000, 0x0000000086400000|  0%| F|  |TAMS 0x0000000086300000, 0x0000000086300000| Untracked 
|  66|0x0000000086400000, 0x0000000086400000, 0x0000000086500000|  0%| F|  |TAMS 0x0000000086400000, 0x0000000086400000| Untracked 
|  67|0x0000000086500000, 0x0000000086500000, 0x0000000086600000|  0%| F|  |TAMS 0x0000000086500000, 0x0000000086500000| Untracked 
|  68|0x0000000086600000, 0x0000000086600000, 0x0000000086700000|  0%| F|  |TAMS 0x0000000086600000, 0x0000000086600000| Untracked 
|  69|0x0000000086700000, 0x0000000086700000, 0x0000000086800000|  0%| F|  |TAMS 0x0000000086700000, 0x0000000086700000| Untracked 
|  70|0x0000000086800000, 0x0000000086800000, 0x0000000086900000|  0%| F|  |TAMS 0x0000000086800000, 0x0000000086800000| Untracked 
|  71|0x0000000086900000, 0x0000000086900000, 0x0000000086a00000|  0%| F|  |TAMS 0x0000000086900000, 0x0000000086900000| Untracked 
|  72|0x0000000086a00000, 0x0000000086a00000, 0x0000000086b00000|  0%| F|  |TAMS 0x0000000086a00000, 0x0000000086a00000| Untracked 
|  73|0x0000000086b00000, 0x0000000086b00000, 0x0000000086c00000|  0%| F|  |TAMS 0x0000000086b00000, 0x0000000086b00000| Untracked 
|  74|0x0000000086c00000, 0x0000000086c00000, 0x0000000086d00000|  0%| F|  |TAMS 0x0000000086c00000, 0x0000000086c00000| Untracked 
|  75|0x0000000086d00000, 0x0000000086d00000, 0x0000000086e00000|  0%| F|  |TAMS 0x0000000086d00000, 0x0000000086d00000| Untracked 
|  76|0x0000000086e00000, 0x0000000086e00000, 0x0000000086f00000|  0%| F|  |TAMS 0x0000000086e00000, 0x0000000086e00000| Untracked 
|  77|0x0000000086f00000, 0x0000000086f00000, 0x0000000087000000|  0%| F|  |TAMS 0x0000000086f00000, 0x0000000086f00000| Untracked 
|  78|0x0000000087000000, 0x0000000087000000, 0x0000000087100000|  0%| F|  |TAMS 0x0000000087000000, 0x0000000087000000| Untracked 
|  79|0x0000000087100000, 0x0000000087100000, 0x0000000087200000|  0%| F|  |TAMS 0x0000000087100000, 0x0000000087100000| Untracked 
|  80|0x0000000087200000, 0x0000000087200000, 0x0000000087300000|  0%| F|  |TAMS 0x0000000087200000, 0x0000000087200000| Untracked 
|  81|0x0000000087300000, 0x0000000087300000, 0x0000000087400000|  0%| F|  |TAMS 0x0000000087300000, 0x0000000087300000| Untracked 
|  82|0x0000000087400000, 0x0000000087400000, 0x0000000087500000|  0%| F|  |TAMS 0x0000000087400000, 0x0000000087400000| Untracked 
|  83|0x0000000087500000, 0x0000000087500000, 0x0000000087600000|  0%| F|  |TAMS 0x0000000087500000, 0x0000000087500000| Untracked 
|  84|0x0000000087600000, 0x0000000087600000, 0x0000000087700000|  0%| F|  |TAMS 0x0000000087600000, 0x0000000087600000| Untracked 
|  85|0x0000000087700000, 0x0000000087700000, 0x0000000087800000|  0%| F|  |TAMS 0x0000000087700000, 0x0000000087700000| Untracked 
|  86|0x0000000087800000, 0x0000000087800000, 0x0000000087900000|  0%| F|  |TAMS 0x0000000087800000, 0x0000000087800000| Untracked 
|  87|0x0000000087900000, 0x0000000087900000, 0x0000000087a00000|  0%| F|  |TAMS 0x0000000087900000, 0x0000000087900000| Untracked 
|  88|0x0000000087a00000, 0x0000000087a00000, 0x0000000087b00000|  0%| F|  |TAMS 0x0000000087a00000, 0x0000000087a00000| Untracked 
|  89|0x0000000087b00000, 0x0000000087b00000, 0x0000000087c00000|  0%| F|  |TAMS 0x0000000087b00000, 0x0000000087b00000| Untracked 
|  90|0x0000000087c00000, 0x0000000087c00000, 0x0000000087d00000|  0%| F|  |TAMS 0x0000000087c00000, 0x0000000087c00000| Untracked 
|  91|0x0000000087d00000, 0x0000000087d00000, 0x0000000087e00000|  0%| F|  |TAMS 0x0000000087d00000, 0x0000000087d00000| Untracked 
|  92|0x0000000087e00000, 0x0000000087e00000, 0x0000000087f00000|  0%| F|  |TAMS 0x0000000087e00000, 0x0000000087e00000| Untracked 
|  93|0x0000000087f00000, 0x0000000087f00000, 0x0000000088000000|  0%| F|  |TAMS 0x0000000087f00000, 0x0000000087f00000| Untracked 
|  94|0x0000000088000000, 0x0000000088000000, 0x0000000088100000|  0%| F|  |TAMS 0x0000000088000000, 0x0000000088000000| Untracked 
|  95|0x0000000088100000, 0x0000000088100000, 0x0000000088200000|  0%| F|  |TAMS 0x0000000088100000, 0x0000000088100000| Untracked 
|  96|0x0000000088200000, 0x0000000088200000, 0x0000000088300000|  0%| F|  |TAMS 0x0000000088200000, 0x0000000088200000| Untracked 
|  97|0x0000000088300000, 0x0000000088300000, 0x0000000088400000|  0%| F|  |TAMS 0x0000000088300000, 0x0000000088300000| Untracked 
|  98|0x0000000088400000, 0x0000000088400000, 0x0000000088500000|  0%| F|  |TAMS 0x0000000088400000, 0x0000000088400000| Untracked 
|  99|0x0000000088500000, 0x0000000088500000, 0x0000000088600000|  0%| F|  |TAMS 0x0000000088500000, 0x0000000088500000| Untracked 
| 100|0x0000000088600000, 0x0000000088600000, 0x0000000088700000|  0%| F|  |TAMS 0x0000000088600000, 0x0000000088600000| Untracked 
| 101|0x0000000088700000, 0x0000000088700000, 0x0000000088800000|  0%| F|  |TAMS 0x0000000088700000, 0x0000000088700000| Untracked 
| 102|0x0000000088800000, 0x0000000088800000, 0x0000000088900000|  0%| F|  |TAMS 0x0000000088800000, 0x0000000088800000| Untracked 
| 103|0x0000000088900000, 0x0000000088900000, 0x0000000088a00000|  0%| F|  |TAMS 0x0000000088900000, 0x0000000088900000| Untracked 
| 104|0x0000000088a00000, 0x0000000088a00000, 0x0000000088b00000|  0%| F|  |TAMS 0x0000000088a00000, 0x0000000088a00000| Untracked 
| 105|0x0000000088b00000, 0x0000000088b00000, 0x0000000088c00000|  0%| F|  |TAMS 0x0000000088b00000, 0x0000000088b00000| Untracked 
| 106|0x0000000088c00000, 0x0000000088c00000, 0x0000000088d00000|  0%| F|  |TAMS 0x0000000088c00000, 0x0000000088c00000| Untracked 
| 107|0x0000000088d00000, 0x0000000088d00000, 0x0000000088e00000|  0%| F|  |TAMS 0x0000000088d00000, 0x0000000088d00000| Untracked 
| 108|0x0000000088e00000, 0x0000000088e00000, 0x0000000088f00000|  0%| F|  |TAMS 0x0000000088e00000, 0x0000000088e00000| Untracked 
| 109|0x0000000088f00000, 0x0000000088f00000, 0x0000000089000000|  0%| F|  |TAMS 0x0000000088f00000, 0x0000000088f00000| Untracked 
| 110|0x0000000089000000, 0x00000000890e5d38, 0x0000000089100000| 89%| S|CS|TAMS 0x0000000089000000, 0x0000000089000000| Complete 
| 111|0x0000000089100000, 0x0000000089200000, 0x0000000089200000|100%| S|CS|TAMS 0x0000000089100000, 0x0000000089100000| Complete 
| 112|0x0000000089200000, 0x0000000089200000, 0x0000000089300000|  0%| F|  |TAMS 0x0000000089200000, 0x0000000089200000| Untracked 
| 113|0x0000000089300000, 0x0000000089300000, 0x0000000089400000|  0%| F|  |TAMS 0x0000000089300000, 0x0000000089300000| Untracked 
| 114|0x0000000089400000, 0x0000000089400000, 0x0000000089500000|  0%| F|  |TAMS 0x0000000089400000, 0x0000000089400000| Untracked 
| 115|0x0000000089500000, 0x0000000089500000, 0x0000000089600000|  0%| F|  |TAMS 0x0000000089500000, 0x0000000089500000| Untracked 
| 116|0x0000000089600000, 0x0000000089600000, 0x0000000089700000|  0%| F|  |TAMS 0x0000000089600000, 0x0000000089600000| Untracked 
| 117|0x0000000089700000, 0x0000000089700000, 0x0000000089800000|  0%| F|  |TAMS 0x0000000089700000, 0x0000000089700000| Untracked 
| 118|0x0000000089800000, 0x0000000089800000, 0x0000000089900000|  0%| F|  |TAMS 0x0000000089800000, 0x0000000089800000| Untracked 
| 119|0x0000000089900000, 0x0000000089900000, 0x0000000089a00000|  0%| F|  |TAMS 0x0000000089900000, 0x0000000089900000| Untracked 
| 120|0x0000000089a00000, 0x0000000089a00000, 0x0000000089b00000|  0%| F|  |TAMS 0x0000000089a00000, 0x0000000089a00000| Untracked 
| 121|0x0000000089b00000, 0x0000000089b80810, 0x0000000089c00000| 50%| E|  |TAMS 0x0000000089b00000, 0x0000000089b00000| Complete 
| 122|0x0000000089c00000, 0x0000000089d00000, 0x0000000089d00000|100%| E|CS|TAMS 0x0000000089c00000, 0x0000000089c00000| Complete 
| 123|0x0000000089d00000, 0x0000000089e00000, 0x0000000089e00000|100%| E|CS|TAMS 0x0000000089d00000, 0x0000000089d00000| Complete 
| 124|0x0000000089e00000, 0x0000000089f00000, 0x0000000089f00000|100%| E|CS|TAMS 0x0000000089e00000, 0x0000000089e00000| Complete 
| 125|0x0000000089f00000, 0x000000008a000000, 0x000000008a000000|100%| E|CS|TAMS 0x0000000089f00000, 0x0000000089f00000| Complete 

Card table byte_map: [0x000001c771070000,0x000001c771460000] _byte_map_base: 0x000001c770c5f000

Marking Bits (Prev, Next): (CMBitMap*) 0x000001c7597c48a8, (CMBitMap*) 0x000001c7597c48e8
 Prev Bits: [0x000001c771850000, 0x000001c7737c8000)
 Next Bits: [0x000001c7737d0000, 0x000001c775748000)

Polling page: 0x000001c757600000

Metaspace:

Usage:
  Non-class:      5.29 MB capacity,     4.54 MB ( 86%) used,   756.09 KB ( 14%) free+waste,    10.13 KB ( <1%) overhead. 
      Class:    628.00 KB capacity,   530.23 KB ( 84%) used,    92.45 KB ( 15%) free+waste,     5.31 KB ( <1%) overhead. 
       Both:      5.90 MB capacity,     5.05 MB ( 86%) used,   848.54 KB ( 14%) free+waste,    15.44 KB ( <1%) overhead. 

Virtual space:
  Non-class space:        8.00 MB reserved,       5.50 MB ( 69%) committed 
      Class space:        1.00 GB reserved,     640.00 KB ( <1%) committed 
             Both:        1.01 GB reserved,       6.13 MB ( <1%) committed 

Chunk freelists:
   Non-Class:  28.00 KB
       Class:  12.00 KB
        Both:  40.00 KB

MaxMetaspaceSize: 17179869184.00 GB
CompressedClassSpaceSize: 1.00 GB

CodeHeap 'non-profiled nmethods': size=120000Kb used=535Kb max_used=535Kb free=119464Kb
 bounds [0x000001c769750000, 0x000001c7699c0000, 0x000001c770c80000]
CodeHeap 'profiled nmethods': size=120000Kb used=1715Kb max_used=2028Kb free=118284Kb
 bounds [0x000001c762220000, 0x000001c762490000, 0x000001c769750000]
CodeHeap 'non-nmethods': size=5760Kb used=1249Kb max_used=1364Kb free=4510Kb
 bounds [0x000001c761c80000, 0x000001c761ef0000, 0x000001c762220000]
 total_blobs=1883 nmethods=862 adapters=330
 compilation: enabled
              stopped_count=0, restarted_count=0
 full_count=0

Compilation events (20 events):
Event: 5481.928 Thread 0x000001c777c41000  956       4       org.eclipse.jdt.launching.internal.org.objectweb.asm.ByteVector::put122 (93 bytes)
Event: 5481.932 Thread 0x000001c777c41000 nmethod 956 0x000001c769773090 code [0x000001c769773220, 0x000001c7697734e8]
Event: 6107.907 Thread 0x000001c778590800  958       3       org.eclipse.jdt.launching.internal.org.objectweb.asm.ClassVisitor::<init> (66 bytes)
Event: 6107.909 Thread 0x000001c778590800 nmethod 958 0x000001c76231d910 code [0x000001c76231db80, 0x000001c76231e660]
Event: 6207.655 Thread 0x000001c777c41000  959       4       org.eclipse.jdt.launching.internal.org.objectweb.asm.MethodWriter::visitEnd (1 bytes)
Event: 6207.655 Thread 0x000001c777c41000 nmethod 959 0x000001c769763f90 code [0x000001c769764120, 0x000001c769764198]
Event: 6291.776 Thread 0x000001c778590800  960       3       org.eclipse.jdt.launching.internal.org.objectweb.asm.ClassWriter::visitField (53 bytes)
Event: 6291.777 Thread 0x000001c778590800 nmethod 960 0x000001c76222a090 code [0x000001c76222a260, 0x000001c76222a670]
Event: 6291.777 Thread 0x000001c778590800  961       3       org.eclipse.jdt.launching.internal.org.objectweb.asm.FieldWriter::<init> (69 bytes)
Event: 6291.778 Thread 0x000001c778590800 nmethod 961 0x000001c762230610 code [0x000001c762230800, 0x000001c762230c50]
Event: 6291.778 Thread 0x000001c778590800  962       3       org.eclipse.jdt.launching.internal.org.objectweb.asm.FieldVisitor::<init> (7 bytes)
Event: 6291.778 Thread 0x000001c778590800 nmethod 962 0x000001c76225e110 code [0x000001c76225e2c0, 0x000001c76225e490]
Event: 6291.778 Thread 0x000001c778590800  963       3       org.eclipse.jdt.launching.internal.org.objectweb.asm.FieldVisitor::<init> (66 bytes)
Event: 6291.779 Thread 0x000001c778590800 nmethod 963 0x000001c76224b510 code [0x000001c76224b780, 0x000001c76224c260]
Event: 6291.779 Thread 0x000001c778590800  964       3       org.eclipse.jdt.launching.internal.org.objectweb.asm.FieldWriter::visitEnd (1 bytes)
Event: 6291.779 Thread 0x000001c778590800 nmethod 964 0x000001c762275690 code [0x000001c762275820, 0x000001c762275998]
Event: 6308.380 Thread 0x000001c778590800  965       3       org.eclipse.jdt.launching.internal.org.objectweb.asm.MethodWriter::visitIincInsn (135 bytes)
Event: 6308.381 Thread 0x000001c778590800 nmethod 965 0x000001c762245310 code [0x000001c762245520, 0x000001c762245b40]
Event: 8347.613 Thread 0x000001c777c41000  966       4       org.eclipse.jdt.launching.internal.org.objectweb.asm.MethodWriter::visitCode (1 bytes)
Event: 8347.614 Thread 0x000001c777c41000 nmethod 966 0x000001c769772690 code [0x000001c769772820, 0x000001c769772898]

GC Heap History (2 events):
Event: 1.844 GC heap before
{Heap before GC invocations=0 (full 0):
 garbage-first heap   total 129024K, used 14336K [0x0000000082200000, 0x0000000100000000)
  region size 1024K, 14 young (14336K), 0 survivors (0K)
 Metaspace       used 4921K, capacity 5809K, committed 6016K, reserved 1056768K
  class space    used 492K, capacity 594K, committed 640K, reserved 1048576K
}
Event: 1.854 GC heap after
{Heap after GC invocations=1 (full 0):
 garbage-first heap   total 129024K, used 1943K [0x0000000082200000, 0x0000000100000000)
  region size 1024K, 2 young (2048K), 2 survivors (2048K)
 Metaspace       used 4921K, capacity 5809K, committed 6016K, reserved 1056768K
  class space    used 492K, capacity 594K, committed 640K, reserved 1048576K
}

Deoptimization events (20 events):
Event: 1.294 Thread 0x000001c759780800 DEOPT PACKING pc=0x000001c769764164 sp=0x000000138b4fe540
Event: 1.294 Thread 0x000001c759780800 DEOPT UNPACKING pc=0x000001c761cc912f sp=0x000000138b4fe4e0 mode 2
Event: 1.302 Thread 0x000001c759780800 DEOPT PACKING pc=0x000001c76231e673 sp=0x000000138b4fa810
Event: 1.302 Thread 0x000001c759780800 DEOPT UNPACKING pc=0x000001c761cc964e sp=0x000000138b4f9c98 mode 0
Event: 1.318 Thread 0x000001c759780800 DEOPT PACKING pc=0x000001c76231e673 sp=0x000000138b4faad0
Event: 1.318 Thread 0x000001c759780800 DEOPT UNPACKING pc=0x000001c761cc964e sp=0x000000138b4f9f30 mode 0
Event: 1.344 Thread 0x000001c759780800 DEOPT PACKING pc=0x000001c76231e673 sp=0x000000138b4fd690
Event: 1.344 Thread 0x000001c759780800 DEOPT UNPACKING pc=0x000001c761cc964e sp=0x000000138b4fcaf0 mode 0
Event: 1.409 Thread 0x000001c759780800 DEOPT PACKING pc=0x000001c76231e673 sp=0x000000138b4fa560
Event: 1.409 Thread 0x000001c759780800 DEOPT UNPACKING pc=0x000001c761cc964e sp=0x000000138b4f99c0 mode 0
Event: 1.473 Thread 0x000001c759780800 DEOPT PACKING pc=0x000001c76231e673 sp=0x000000138b4fcb70
Event: 1.473 Thread 0x000001c759780800 DEOPT UNPACKING pc=0x000001c761cc964e sp=0x000000138b4fbfd0 mode 0
Event: 1.548 Thread 0x000001c759780800 Uncommon trap: trap_request=0xffffffde fr.pc=0x000001c769787510 relative=0x00000000000014f0
Event: 1.548 Thread 0x000001c759780800 Uncommon trap: reason=class_check action=maybe_recompile pc=0x000001c769787510 method=java.util.HashMap.putVal(ILjava/lang/Object;Ljava/lang/Object;ZZ)Ljava/lang/Object; @ 253 c2
Event: 1.548 Thread 0x000001c759780800 DEOPT PACKING pc=0x000001c769787510 sp=0x000000138b4fe460
Event: 1.548 Thread 0x000001c759780800 DEOPT UNPACKING pc=0x000001c761cc912f sp=0x000000138b4fe3d8 mode 2
Event: 1.637 Thread 0x000001c759780800 DEOPT PACKING pc=0x000001c762277a9f sp=0x000000138b4fd4b0
Event: 1.637 Thread 0x000001c759780800 DEOPT UNPACKING pc=0x000001c761cc964e sp=0x000000138b4fc990 mode 0
Event: 4845.948 Thread 0x000001c77868f000 DEOPT PACKING pc=0x000001c7623203df sp=0x000000138c3fd700
Event: 4845.948 Thread 0x000001c77868f000 DEOPT UNPACKING pc=0x000001c761cc964e sp=0x000000138c3fcc48 mode 0

Classes unloaded (0 events):
No events

Classes redefined (18 events):
Event: 3444.030 Thread 0x000001c777c17800 redefined class name=scene.Scene, count=1
Event: 4385.884 Thread 0x000001c777c17800 redefined class name=unittests.BoundingBoxTest, count=1
Event: 4406.153 Thread 0x000001c777c17800 redefined class name=unittests.BoundingBoxTest, count=2
Event: 4429.223 Thread 0x000001c777c17800 redefined class name=unittests.BoundingBoxTest, count=3
Event: 4476.165 Thread 0x000001c777c17800 redefined class name=unittests.BoundingBoxTest, count=4
Event: 4523.645 Thread 0x000001c777c17800 redefined class name=unittests.BoundingBoxTest, count=5
Event: 4845.953 Thread 0x000001c777c17800 redefined class name=unittests.BoundingBoxTest, count=6
Event: 5004.557 Thread 0x000001c777c17800 redefined class name=unittests.BoundingBoxTest, count=7
Event: 5034.520 Thread 0x000001c777c17800 redefined class name=unittests.BoundingBoxTest, count=8
Event: 5051.000 Thread 0x000001c777c17800 redefined class name=unittests.BoundingBoxTest, count=9
Event: 5481.936 Thread 0x000001c777c17800 redefined class name=unittests.BoundingBoxTest, count=10
Event: 5512.616 Thread 0x000001c777c17800 redefined class name=unittests.BoundingBoxTest, count=11
Event: 5596.041 Thread 0x000001c777c17800 redefined class name=unittests.BoundingBoxTest, count=12
Event: 5777.835 Thread 0x000001c777c17800 redefined class name=unittests.BoundingBoxTest, count=13
Event: 5866.346 Thread 0x000001c777c17800 redefined class name=unittests.BoundingBoxTest, count=14
Event: 6300.488 Thread 0x000001c777c17800 redefined class name=unittests.BoundingBoxTest, count=15
Event: 6308.385 Thread 0x000001c777c17800 redefined class name=unittests.BoundingBoxTest, count=16
Event: 6886.174 Thread 0x000001c777c17800 redefined class name=geometries.Intersectable, count=1

Internal exceptions (5 events):
Event: 1.521 Thread 0x000001c759780800 Exception <a 'java/lang/IncompatibleClassChangeError'{0x00000000895b6cd0}: Found class java.lang.Object, but interface was expected> (0x00000000895b6cd0) 
thrown [t:/workspace/open/src/hotspot/share/interpreter/linkResolver.cpp, line 833]
Event: 1.609 Thread 0x000001c759780800 Exception <a 'java/lang/NoSuchMethodError'{0x00000000894dcab0}: 'int java.lang.invoke.DirectMethodHandle$Holder.invokeSpecialIFC(java.lang.Object, java.lang.Object, int)'> (0x00000000894dcab0) 
thrown [t:/workspace/open/src/hotspot/share/interpreter/linkResolver.cpp, line 767]
Event: 1.729 Thread 0x000001c759780800 Exception <a 'java/lang/ClassNotFoundException'{0x0000000089280d50}: sun/awt/resources/spi/awtProvider> (0x0000000089280d50) 
thrown [t:/workspace/open/src/hotspot/share/classfile/systemDictionary.cpp, line 232]
Event: 1.815 Thread 0x000001c759780800 Exception <a 'java/io/FileNotFoundException'{0x00000000892d8cc8}> (0x00000000892d8cc8) 
thrown [t:/workspace/open/src/hotspot/share/prims/jni.cpp, line 598]
Event: 1.858 Thread 0x000001c759780800 Exception <a 'java/io/FileNotFoundException'{0x0000000089f01b10}> (0x0000000089f01b10) 
thrown [t:/workspace/open/src/hotspot/share/prims/jni.cpp, line 598]

Events (20 events):
Event: 8376.959 Executing VM operation: get/set locals
Event: 8376.959 Executing VM operation: get/set locals done
Event: 8376.960 Executing VM operation: GetFrameLocation
Event: 8376.960 Executing VM operation: GetFrameLocation done
Event: 8376.960 Executing VM operation: get/set locals
Event: 8376.960 Executing VM operation: get/set locals done
Event: 8376.961 Executing VM operation: GetFrameLocation
Event: 8376.961 Executing VM operation: GetFrameLocation done
Event: 8376.961 Executing VM operation: get/set locals
Event: 8376.961 Executing VM operation: get/set locals done
Event: 8376.961 Executing VM operation: GetFrameLocation
Event: 8376.961 Executing VM operation: GetFrameLocation done
Event: 8376.961 Executing VM operation: get/set locals
Event: 8376.961 Executing VM operation: get/set locals done
Event: 8379.678 Executing VM operation: GetCurrentContendedMonitor
Event: 8379.678 Executing VM operation: GetCurrentContendedMonitor done
Event: 8379.679 Executing VM operation: GetOwnedMonitorInfo
Event: 8379.679 Executing VM operation: GetOwnedMonitorInfo done
Event: 8380.072 Executing VM operation: GetFrameLocation
Event: 8380.072 Executing VM operation: GetFrameLocation done


Dynamic libraries:
0x00007ff6ab900000 - 0x00007ff6ab90f000 	C:\Program Files\Java\jdk-13.0.2\bin\javaw.exe
0x00007ffcd3480000 - 0x00007ffcd3670000 	C:\WINDOWS\SYSTEM32\ntdll.dll
0x00007ffcd3020000 - 0x00007ffcd30d2000 	C:\WINDOWS\System32\KERNEL32.DLL
0x00007ffcd1000000 - 0x00007ffcd12a4000 	C:\WINDOWS\System32\KERNELBASE.dll
0x00007ffcd1430000 - 0x00007ffcd152a000 	C:\WINDOWS\System32\ucrtbase.dll
0x00007ffcbd8c0000 - 0x00007ffcbd8d5000 	C:\Program Files\Java\jdk-13.0.2\bin\VCRUNTIME140.dll
0x00007ffcbd9d0000 - 0x00007ffcbd9e8000 	C:\Program Files\Java\jdk-13.0.2\bin\jli.dll
0x00007ffcd22b0000 - 0x00007ffcd2353000 	C:\WINDOWS\System32\ADVAPI32.dll
0x00007ffcd33a0000 - 0x00007ffcd343e000 	C:\WINDOWS\System32\msvcrt.dll
0x00007ffcd30e0000 - 0x00007ffcd3177000 	C:\WINDOWS\System32\sechost.dll
0x00007ffcd2990000 - 0x00007ffcd2ab0000 	C:\WINDOWS\System32\RPCRT4.dll
0x00007ffcd3180000 - 0x00007ffcd3314000 	C:\WINDOWS\System32\USER32.dll
0x00007ffcd05b0000 - 0x00007ffcd05d1000 	C:\WINDOWS\System32\win32u.dll
0x00007ffcd2ab0000 - 0x00007ffcd2ad6000 	C:\WINDOWS\System32\GDI32.dll
0x00007ffcd0410000 - 0x00007ffcd05a5000 	C:\WINDOWS\System32\gdi32full.dll
0x00007ffcd0d60000 - 0x00007ffcd0dfe000 	C:\WINDOWS\System32\msvcp_win.dll
0x00007ffcc3fb0000 - 0x00007ffcc4234000 	C:\WINDOWS\WinSxS\amd64_microsoft.windows.common-controls_6595b64144ccf1df_6.0.18362.900_none_e6beb9d913147d17\COMCTL32.dll
0x00007ffcd24a0000 - 0x00007ffcd27d5000 	C:\WINDOWS\System32\combase.dll
0x00007ffcd0f50000 - 0x00007ffcd0fd0000 	C:\WINDOWS\System32\bcryptPrimitives.dll
0x00007ffcc6c20000 - 0x00007ffcc6c2a000 	C:\WINDOWS\SYSTEM32\VERSION.dll
0x00007ffcd2e00000 - 0x00007ffcd2e2e000 	C:\WINDOWS\System32\IMM32.DLL
0x00007ffcbabe0000 - 0x00007ffcbac7b000 	C:\Program Files\Java\jdk-13.0.2\bin\msvcp140.dll
0x00007ffcb4e10000 - 0x00007ffcb596d000 	C:\Program Files\Java\jdk-13.0.2\bin\server\jvm.dll
0x00007ffcd2e30000 - 0x00007ffcd2e38000 	C:\WINDOWS\System32\PSAPI.DLL
0x00007ffcaf3b0000 - 0x00007ffcaf3b9000 	C:\WINDOWS\SYSTEM32\WSOCK32.dll
0x00007ffccc710000 - 0x00007ffccc734000 	C:\WINDOWS\SYSTEM32\WINMM.dll
0x00007ffcd2c20000 - 0x00007ffcd2c8f000 	C:\WINDOWS\System32\WS2_32.dll
0x00007ffccc6e0000 - 0x00007ffccc70d000 	C:\WINDOWS\SYSTEM32\winmmbase.dll
0x00007ffcd1360000 - 0x00007ffcd13aa000 	C:\WINDOWS\System32\cfgmgr32.dll
0x00007ffcd0350000 - 0x00007ffcd0361000 	C:\WINDOWS\System32\kernel.appcore.dll
0x00007ffccc740000 - 0x00007ffccc750000 	C:\Program Files\Java\jdk-13.0.2\bin\verify.dll
0x00007ffccea70000 - 0x00007ffccec64000 	C:\WINDOWS\SYSTEM32\DBGHELP.DLL
0x00007ffcc5800000 - 0x00007ffcc582a000 	C:\WINDOWS\SYSTEM32\dbgcore.DLL
0x00007ffcc8d00000 - 0x00007ffcc8d26000 	C:\Program Files\Java\jdk-13.0.2\bin\java.dll
0x00007ffcbbc40000 - 0x00007ffcbbc78000 	C:\Program Files\Java\jdk-13.0.2\bin\jdwp.dll
0x00007ffcc6540000 - 0x00007ffcc654e000 	C:\Program Files\Java\jdk-13.0.2\bin\instrument.dll
0x00007ffcca050000 - 0x00007ffcca067000 	C:\Program Files\Java\jdk-13.0.2\bin\zip.dll
0x00007ffccb380000 - 0x00007ffccb38a000 	C:\Program Files\Java\jdk-13.0.2\bin\jimage.dll
0x00007ffcd1530000 - 0x00007ffcd1c16000 	C:\WINDOWS\System32\SHELL32.dll
0x00007ffcd1c20000 - 0x00007ffcd1cc9000 	C:\WINDOWS\System32\shcore.dll
0x00007ffcd05e0000 - 0x00007ffcd0d60000 	C:\WINDOWS\System32\windows.storage.dll
0x00007ffcd0370000 - 0x00007ffcd0393000 	C:\WINDOWS\System32\profapi.dll
0x00007ffcd03c0000 - 0x00007ffcd040a000 	C:\WINDOWS\System32\powrprof.dll
0x00007ffcd0340000 - 0x00007ffcd0350000 	C:\WINDOWS\System32\UMPDC.dll
0x00007ffcd2cd0000 - 0x00007ffcd2d22000 	C:\WINDOWS\System32\shlwapi.dll
0x00007ffcd13b0000 - 0x00007ffcd13c7000 	C:\WINDOWS\System32\cryptsp.dll
0x00007ffcc64f0000 - 0x00007ffcc64fb000 	C:\Program Files\Java\jdk-13.0.2\bin\dt_socket.dll
0x00007ffccfb50000 - 0x00007ffccfbb7000 	C:\WINDOWS\system32\mswsock.dll
0x00007ffccf8a0000 - 0x00007ffccf96b000 	C:\WINDOWS\SYSTEM32\DNSAPI.dll
0x00007ffcd2cc0000 - 0x00007ffcd2cc8000 	C:\WINDOWS\System32\NSI.dll
0x00007ffccf860000 - 0x00007ffccf89a000 	C:\WINDOWS\SYSTEM32\IPHLPAPI.DLL
0x00007ffcb3ac0000 - 0x00007ffcb3aca000 	C:\Windows\System32\rasadhlp.dll
0x00007ffcc6fd0000 - 0x00007ffcc7047000 	C:\WINDOWS\System32\fwpuclnt.dll
0x00007ffcd0fd0000 - 0x00007ffcd0ff6000 	C:\WINDOWS\System32\bcrypt.dll
0x00007ffcca070000 - 0x00007ffcca089000 	C:\Program Files\Java\jdk-13.0.2\bin\net.dll
0x00007ffcc66b0000 - 0x00007ffcc67a0000 	C:\WINDOWS\SYSTEM32\WINHTTP.dll
0x00007ffcc9fd0000 - 0x00007ffcc9fe3000 	C:\Program Files\Java\jdk-13.0.2\bin\nio.dll
0x00007ffcc7e20000 - 0x00007ffcc7e36000 	C:\WINDOWS\SYSTEM32\dhcpcsvc6.DLL
0x00007ffcca0a0000 - 0x00007ffcca0bc000 	C:\WINDOWS\SYSTEM32\dhcpcsvc.DLL
0x00007ffcba3b0000 - 0x00007ffcba549000 	C:\Program Files\Java\jdk-13.0.2\bin\awt.dll
0x00007ffcd2d30000 - 0x00007ffcd2df5000 	C:\WINDOWS\System32\OLEAUT32.dll
0x00007ffccdcc0000 - 0x00007ffccdd4f000 	C:\WINDOWS\SYSTEM32\apphelp.dll

dbghelp: loaded successfully - version: 4.0.5 - missing functions: none
symbol engine: initialized successfully - sym options: 0x614 - pdb path: .;C:\Program Files\Java\jdk-13.0.2\bin;C:\WINDOWS\SYSTEM32;C:\WINDOWS\WinSxS\amd64_microsoft.windows.common-controls_6595b64144ccf1df_6.0.18362.900_none_e6beb9d913147d17;C:\Program Files\Java\jdk-13.0.2\bin\server

VM Arguments:
jvm_args: -agentlib:jdwp=transport=dt_socket,suspend=y,address=localhost:52697 -ea -javaagent:C:\Users\USER\eclipse\java-2019-12\eclipse\configuration\org.eclipse.osgi\226\0\.cp\lib\javaagent-shaded.jar -Dfile.encoding=Cp1255 
java_command: org.eclipse.jdt.internal.junit.runner.RemoteTestRunner -version 3 -port 52696 -testLoaderClass org.eclipse.jdt.internal.junit4.runner.JUnit4TestLoader -loaderpluginname org.eclipse.jdt.junit4.runtime -test unittests.BoundingBoxTest:boomBoomBoom
java_class_path (initial): C:\Users\USER\Desktop\אלחנן לימודים\java\rendering_project_2610_9035\src;C:\Users\USER\.p2\pool\plugins\org.junit_4.12.0.v201504281640\junit.jar;C:\Users\USER\.p2\pool\plugins\org.hamcrest.core_1.3.0.v20180420-1519.jar;C:\Users\USER\eclipse\java-2019-12\eclipse\configuration\org.eclipse.osgi\224\0\.cp;C:\Users\USER\eclipse\java-2019-12\eclipse\configuration\org.eclipse.osgi\223\0\.cp
Launcher Type: SUN_STANDARD

[Global flags]
     intx CICompilerCount                          = 3                                         {product} {ergonomic}
     uint ConcGCThreads                            = 1                                         {product} {ergonomic}
     uint G1ConcRefinementThreads                  = 4                                         {product} {ergonomic}
   size_t G1HeapRegionSize                         = 1048576                                   {product} {ergonomic}
    uintx GCDrainStackTargetSize                   = 64                                        {product} {ergonomic}
   size_t InitialHeapSize                          = 132120576                                 {product} {ergonomic}
   size_t MarkStackSize                            = 4194304                                   {product} {ergonomic}
   size_t MaxHeapSize                              = 2111832064                                {product} {ergonomic}
   size_t MaxNewSize                               = 1266679808                                {product} {ergonomic}
   size_t MinHeapDeltaBytes                        = 1048576                                   {product} {ergonomic}
   size_t MinHeapSize                              = 8388608                                   {product} {ergonomic}
    uintx NonNMethodCodeHeapSize                   = 5832780                                {pd product} {ergonomic}
    uintx NonProfiledCodeHeapSize                  = 122912730                              {pd product} {ergonomic}
    uintx ProfiledCodeHeapSize                     = 122912730                              {pd product} {ergonomic}
    uintx ReservedCodeCacheSize                    = 251658240                              {pd product} {ergonomic}
     bool SegmentedCodeCache                       = true                                      {product} {ergonomic}
   size_t SoftMaxHeapSize                          = 2111832064                             {manageable} {ergonomic}
     bool UseCompressedClassPointers               = true                                 {lp64_product} {ergonomic}
     bool UseCompressedOops                        = true                                 {lp64_product} {ergonomic}
     bool UseG1GC                                  = true                                      {product} {ergonomic}
     bool UseLargePagesIndividualAllocation        = false                                  {pd product} {ergonomic}

Logging:
Log output configuration:
 #0: stdout all=warning uptime,level,tags
 #1: stderr all=off uptime,level,tags

Environment Variables:
JAVA_HOME=C:\Program Files\Java\jdk-13.0.2
PATH=C:/Program Files/Java/jdk-13.0.2/bin/server;C:/Program Files/Java/jdk-13.0.2/bin;C:\Program Files (x86)\Intel\iCLS Client\;C:\Program Files\Intel\iCLS Client\;C:\WINDOWS\system32;C:\WINDOWS;C:\WINDOWS\System32\Wbem;C:\WINDOWS\System32\WindowsPowerShell\v1.0\;C:\Program Files (x86)\Intel\Intel(R) Management Engine Components\DAL;C:\Program Files\Intel\Intel(R) Management Engine Components\DAL;C:\Program Files (x86)\Intel\Intel(R) Management Engine Components\IPT;C:\Program Files\Intel\Intel(R) Management Engine Components\IPT;C:\WINDOWS\System32\OpenSSH\;C:\Users\USER\.dnx\bin;C:\Program Files\Microsoft DNX\Dnvm\;C:\Program Files\Microsoft SQL Server\130\Tools\Binn\;C:\Program Files\Intel\WiFi\bin\;C:\Program Files\Common Files\Intel\WirelessCommon\;C:\Program Files (x86)\Windows Live\Shared;C:\Program Files\dotnet\;C:\Program Files\Java\jdk-13.0.2\bin;C:\Program Files\Git\cmd;C:\Users\USER\AppData\Local\Microsoft\WindowsApps;;C:\Users\USER\AppData\Local\Programs\Microsoft VS Code\bin;C:\WINDOWS\system32;
USERNAME=USER
OS=Windows_NT
PROCESSOR_IDENTIFIER=Intel64 Family 6 Model 78 Stepping 3, GenuineIntel



---------------  S Y S T E M  ---------------

OS: Windows 10 , 64 bit Build 18362 (10.0.18362.900)

CPU:total 4 (initial active 4) (2 cores per cpu, 2 threads per core) family 6 model 78 stepping 3, cmov, cx8, fxsr, mmx, sse, sse2, sse3, ssse3, sse4.1, sse4.2, popcnt, avx, avx2, aes, clmul, erms, 3dnowpref, lzcnt, ht, tsc, tscinvbit, bmi1, bmi2, adx, fma

Memory: 4k page, system-wide physical 8048M (2103M free)
TotalPageFile size 16425M (AvailPageFile size 3764M)
current process WorkingSet (physical memory assigned to process): 40M, peak: 143M
current process commit charge ("private bytes"): 208M, peak: 295M

vm_info: Java HotSpot(TM) 64-Bit Server VM (13.0.2+8) for windows-amd64 JRE (13.0.2+8), built on Dec 11 2019 09:20:33 by "mach5one" with unknown MS VC++:1916

END.
